16:11:37.896-[DESKTOP-44TL0F9][sys]-- INFO 11840 --- [           main] com.hui.info.InfoApplication             : The following 1 profile is active: "local"
16:11:38.790-[DESKTOP-44TL0F9][sys]-- INFO 11840 --- [           main] .s.d.r.c.RepositoryConfigurationDelegate : Multiple Spring Data modules found, entering strict repository configuration mode
16:11:38.792-[DESKTOP-44TL0F9][sys]-- INFO 11840 --- [           main] .s.d.r.c.RepositoryConfigurationDelegate : Bootstrapping Spring Data MongoDB repositories in DEFAULT mode.
16:11:38.815-[DESKTOP-44TL0F9][sys]-- INFO 11840 --- [           main] .s.d.r.c.RepositoryConfigurationDelegate : Finished Spring Data repository scanning in 15 ms. Found 0 MongoDB repository interfaces.
16:11:38.825-[DESKTOP-44TL0F9][sys]-- INFO 11840 --- [           main] .s.d.r.c.RepositoryConfigurationDelegate : Multiple Spring Data modules found, entering strict repository configuration mode
16:11:38.827-[DESKTOP-44TL0F9][sys]-- INFO 11840 --- [           main] .s.d.r.c.RepositoryConfigurationDelegate : Bootstrapping Spring Data Redis repositories in DEFAULT mode.
16:11:38.837-[DESKTOP-44TL0F9][sys]-- INFO 11840 --- [           main] .s.d.r.c.RepositoryConfigurationDelegate : Finished Spring Data repository scanning in 4 ms. Found 0 Redis repository interfaces.
16:11:39.396-[DESKTOP-44TL0F9][sys]-- INFO 11840 --- [           main] o.s.cloud.context.scope.GenericScope     : BeanFactory id=9649ef72-68a6-3ff1-9232-687be02cc2b7
16:11:39.933-[DESKTOP-44TL0F9][sys]-- INFO 11840 --- [           main] trationDelegate$BeanPostProcessorChecker : Bean 'org.springframework.cloud.commons.config.CommonsConfigAutoConfiguration' of type [org.springframework.cloud.commons.config.CommonsConfigAutoConfiguration] is not eligible for getting processed by all BeanPostProcessors (for example: not eligible for auto-proxying)
16:11:39.940-[DESKTOP-44TL0F9][sys]-- INFO 11840 --- [           main] trationDelegate$BeanPostProcessorChecker : Bean 'org.springframework.cloud.client.loadbalancer.LoadBalancerDefaultMappingsProviderAutoConfiguration' of type [org.springframework.cloud.client.loadbalancer.LoadBalancerDefaultMappingsProviderAutoConfiguration] is not eligible for getting processed by all BeanPostProcessors (for example: not eligible for auto-proxying)
16:11:39.941-[DESKTOP-44TL0F9][sys]-- INFO 11840 --- [           main] trationDelegate$BeanPostProcessorChecker : Bean 'loadBalancerClientsDefaultsMappingsProvider' of type [org.springframework.cloud.client.loadbalancer.LoadBalancerDefaultMappingsProviderAutoConfiguration$$Lambda$600/0x000001a681542570] is not eligible for getting processed by all BeanPostProcessors (for example: not eligible for auto-proxying)
16:11:39.944-[DESKTOP-44TL0F9][sys]-- INFO 11840 --- [           main] trationDelegate$BeanPostProcessorChecker : Bean 'defaultsBindHandlerAdvisor' of type [org.springframework.cloud.commons.config.DefaultsBindHandlerAdvisor] is not eligible for getting processed by all BeanPostProcessors (for example: not eligible for auto-proxying)
16:11:39.995-[DESKTOP-44TL0F9][sys]-- INFO 11840 --- [           main] trationDelegate$BeanPostProcessorChecker : Bean 'spring.cloud.sentinel-com.alibaba.cloud.sentinel.SentinelProperties' of type [com.alibaba.cloud.sentinel.SentinelProperties] is not eligible for getting processed by all BeanPostProcessors (for example: not eligible for auto-proxying)
16:11:39.999-[DESKTOP-44TL0F9][sys]-- INFO 11840 --- [           main] trationDelegate$BeanPostProcessorChecker : Bean 'com.alibaba.cloud.sentinel.custom.SentinelAutoConfiguration' of type [com.alibaba.cloud.sentinel.custom.SentinelAutoConfiguration] is not eligible for getting processed by all BeanPostProcessors (for example: not eligible for auto-proxying)
16:11:40.376-[DESKTOP-44TL0F9][sys]-- INFO 11840 --- [           main] o.s.b.w.embedded.tomcat.TomcatWebServer  : Tomcat initialized with port(s): 20002 (http)
16:11:40.378-[DESKTOP-44TL0F9][sys]-- INFO 11840 --- [           main] o.a.catalina.core.AprLifecycleListener   : Loaded Apache Tomcat Native library [1.3.0] using APR version [1.7.4].
16:11:40.378-[DESKTOP-44TL0F9][sys]-- INFO 11840 --- [           main] o.a.catalina.core.AprLifecycleListener   : APR capabilities: IPv6 [true], sendfile [true], accept filters [false], random [true], UDS [true].
16:11:40.379-[DESKTOP-44TL0F9][sys]-- INFO 11840 --- [           main] o.a.catalina.core.AprLifecycleListener   : APR/OpenSSL configuration: useAprConnector [false], useOpenSSL [true]
16:11:40.383-[DESKTOP-44TL0F9][sys]-- INFO 11840 --- [           main] o.a.catalina.core.AprLifecycleListener   : OpenSSL successfully initialized [OpenSSL 3.0.13 30 Jan 2024]
16:11:40.396-[DESKTOP-44TL0F9][sys]-- INFO 11840 --- [           main] o.apache.catalina.core.StandardService   : Starting service [Tomcat]
16:11:40.396-[DESKTOP-44TL0F9][sys]-- INFO 11840 --- [           main] org.apache.catalina.core.StandardEngine  : Starting Servlet engine: [Apache Tomcat/9.0.65]
16:11:40.667-[DESKTOP-44TL0F9][sys]-- INFO 11840 --- [           main] o.a.c.c.C.[Tomcat].[localhost].[/]       : Initializing Spring embedded WebApplicationContext
16:11:40.667-[DESKTOP-44TL0F9][sys]-- INFO 11840 --- [           main] w.s.c.ServletWebServerApplicationContext : Root WebApplicationContext: initialization completed in 2745 ms
16:11:41.051-[DESKTOP-44TL0F9][sys]-- INFO 11840 --- [           main] o.s.c.openfeign.FeignClientFactoryBean   : For 'user-service' URL not provided. Will try picking an instance via load-balancing.
16:11:42.636-[DESKTOP-44TL0F9][sys]-- INFO 11840 --- [           main] c.a.c.sentinel.SentinelWebMvcConfigurer  : [Sentinel Starter] register SentinelWebInterceptor with urlPatterns: [/**].
16:11:43.934-[DESKTOP-44TL0F9][sys]-- INFO 11840 --- [           main] org.mongodb.driver.client                : MongoClient with metadata {"driver": {"name": "mongo-java-driver|sync|spring-boot", "version": "4.6.1"}, "os": {"type": "Windows", "name": "Windows 11", "architecture": "amd64", "version": "10.0"}, "platform": "Java/Oracle Corporation/17.0.9+11-LTS-201"} created with settings MongoClientSettings{readPreference=primary, writeConcern=WriteConcern{w=null, wTimeout=null ms, journal=null}, retryWrites=true, retryReads=true, readConcern=ReadConcern{level=null}, credential=MongoCredential{mechanism=null, userName='admin', source='admin', password=<hidden>, mechanismProperties=<hidden>}, streamFactoryFactory=null, commandListeners=[], codecRegistry=ProvidersCodecRegistry{codecProviders=[ValueCodecProvider{}, BsonValueCodecProvider{}, DBRefCodecProvider{}, DBObjectCodecProvider{}, DocumentCodecProvider{}, IterableCodecProvider{}, MapCodecProvider{}, GeoJsonCodecProvider{}, GridFSFileCodecProvider{}, Jsr310CodecProvider{}, JsonObjectCodecProvider{}, BsonCodecProvider{}, EnumCodecProvider{}, com.mongodb.Jep395RecordCodecProvider@79aa675b]}, clusterSettings={hosts=[121.37.242.119:17017], srvServiceName=mongodb, mode=SINGLE, requiredClusterType=UNKNOWN, requiredReplicaSetName='null', serverSelector='null', clusterListeners='[]', serverSelectionTimeout='30000 ms', localThreshold='30000 ms'}, socketSettings=SocketSettings{connectTimeoutMS=10000, readTimeoutMS=0, receiveBufferSize=0, sendBufferSize=0}, heartbeatSocketSettings=SocketSettings{connectTimeoutMS=10000, readTimeoutMS=10000, receiveBufferSize=0, sendBufferSize=0}, connectionPoolSettings=ConnectionPoolSettings{maxSize=100, minSize=0, maxWaitTimeMS=120000, maxConnectionLifeTimeMS=0, maxConnectionIdleTimeMS=0, maintenanceInitialDelayMS=0, maintenanceFrequencyMS=60000, connectionPoolListeners=[], maxConnecting=2}, serverSettings=ServerSettings{heartbeatFrequencyMS=10000, minHeartbeatFrequencyMS=500, serverListeners='[]', serverMonitorListeners='[]'}, sslSettings=SslSettings{enabled=false, invalidHostNameAllowed=false, context=null}, applicationName='null', compressorList=[], uuidRepresentation=JAVA_LEGACY, serverApi=null, autoEncryptionSettings=null, contextProvider=null}
16:11:43.971-[DESKTOP-44TL0F9][sys]-- INFO 11840 --- [7.242.119:17017] org.mongodb.driver.connection            : Opened connection [connectionId{localValue:1, serverValue:30}] to 121.37.242.119:17017
16:11:43.971-[DESKTOP-44TL0F9][sys]-- INFO 11840 --- [7.242.119:17017] org.mongodb.driver.connection            : Opened connection [connectionId{localValue:2, serverValue:31}] to 121.37.242.119:17017
16:11:43.971-[DESKTOP-44TL0F9][sys]-- INFO 11840 --- [7.242.119:17017] org.mongodb.driver.cluster               : Monitor thread successfully connected to server with description ServerDescription{address=121.37.242.119:17017, type=STANDALONE, state=CONNECTED, ok=true, minWireVersion=0, maxWireVersion=25, maxDocumentSize=16777216, logicalSessionTimeoutMinutes=30, roundTripTimeNanos=44018400}
16:11:46.487-[DESKTOP-44TL0F9][sys]-- INFO 11840 --- [           main] o.s.cloud.commons.util.InetUtils         : Cannot determine local hostname
16:11:46.885-[DESKTOP-44TL0F9][sys]-- INFO 11840 --- [           main] com.alibaba.nacos.client.naming          : initializer namespace from System Property :null
16:11:46.886-[DESKTOP-44TL0F9][sys]-- INFO 11840 --- [           main] com.alibaba.nacos.client.naming          : initializer namespace from System Environment :null
16:11:46.886-[DESKTOP-44TL0F9][sys]-- INFO 11840 --- [           main] com.alibaba.nacos.client.naming          : initializer namespace from System Property :null
16:11:46.956-[DESKTOP-44TL0F9][sys]-- INFO 11840 --- [           main] o.s.b.w.embedded.tomcat.TomcatWebServer  : Tomcat started on port(s): 20002 (http) with context path ''
16:11:46.960-[DESKTOP-44TL0F9][sys]-- INFO 11840 --- [           main] com.alibaba.nacos.client.naming          : [BEAT] adding beat: BeatInfo{port=20002, ip='localhost', weight=1.0, serviceName='DEFAULT_GROUP@@info-service', cluster='DEFAULT', metadata={preserved.register.source=SPRING_CLOUD}, scheduled=false, period=5000, stopped=false} to beat map.
16:11:46.961-[DESKTOP-44TL0F9][sys]-- INFO 11840 --- [           main] com.alibaba.nacos.client.naming          : [REGISTER-SERVICE] 6e47eddb-e8aa-4265-b62e-e5e5f1bdf625 registering service DEFAULT_GROUP@@info-service with instance: Instance{instanceId='null', ip='localhost', port=20002, weight=1.0, healthy=true, enabled=true, ephemeral=true, clusterName='DEFAULT', serviceName='null', metadata={preserved.register.source=SPRING_CLOUD}}
16:11:46.969-[DESKTOP-44TL0F9][sys]-- INFO 11840 --- [           main] c.a.c.n.registry.NacosServiceRegistry    : nacos registry, DEFAULT_GROUP info-service localhost:20002 register finished
16:11:47.947-[DESKTOP-44TL0F9][sys]-- INFO 11840 --- [.naming.updater] com.alibaba.nacos.client.naming          : new ips(1) service: DEFAULT_GROUP@@info-service@@DEFAULT -> [{"instanceId":"localhost#20002#DEFAULT#DEFAULT_GROUP@@info-service","ip":"localhost","port":20002,"weight":1.0,"healthy":true,"enabled":true,"ephemeral":true,"clusterName":"DEFAULT","serviceName":"DEFAULT_GROUP@@info-service","metadata":{"preserved.register.source":"SPRING_CLOUD"},"instanceHeartBeatInterval":5000,"instanceHeartBeatTimeOut":15000,"ipDeleteTimeout":30000}]
16:11:47.951-[DESKTOP-44TL0F9][sys]-- INFO 11840 --- [.naming.updater] com.alibaba.nacos.client.naming          : current ips:(1) service: DEFAULT_GROUP@@info-service@@DEFAULT -> [{"instanceId":"localhost#20002#DEFAULT#DEFAULT_GROUP@@info-service","ip":"localhost","port":20002,"weight":1.0,"healthy":true,"enabled":true,"ephemeral":true,"clusterName":"DEFAULT","serviceName":"DEFAULT_GROUP@@info-service","metadata":{"preserved.register.source":"SPRING_CLOUD"},"instanceHeartBeatInterval":5000,"instanceHeartBeatTimeOut":15000,"ipDeleteTimeout":30000}]
16:11:48.211-[DESKTOP-44TL0F9][sys]-- INFO 11840 --- [           main] o.s.cloud.commons.util.InetUtils         : Cannot determine local hostname
16:11:48.692-[DESKTOP-44TL0F9][sys]-- INFO 11840 --- [           main] com.hui.info.InfoApplication             : Started InfoApplication in 14.613 seconds (JVM running for 16.759)
16:11:48.697-[DESKTOP-44TL0F9][sys]-- INFO 11840 --- [           main] c.a.n.client.config.impl.ClientWorker    : [fixed-121.37.242.119_8848] [subscribe] info-service-local.yaml+DEFAULT_GROUP
16:11:48.697-[DESKTOP-44TL0F9][sys]-- INFO 11840 --- [           main] c.a.nacos.client.config.impl.CacheData   : [fixed-121.37.242.119_8848] [add-listener] ok, tenant=, dataId=info-service-local.yaml, group=DEFAULT_GROUP, cnt=1
16:11:48.698-[DESKTOP-44TL0F9][sys]-- INFO 11840 --- [           main] c.a.c.n.refresh.NacosContextRefresher    : listening config: dataId=info-service-local.yaml, group=DEFAULT_GROUP
16:11:48.698-[DESKTOP-44TL0F9][sys]-- INFO 11840 --- [           main] c.a.n.client.config.impl.ClientWorker    : [fixed-121.37.242.119_8848] [subscribe] info-service+DEFAULT_GROUP
16:11:48.698-[DESKTOP-44TL0F9][sys]-- INFO 11840 --- [           main] c.a.nacos.client.config.impl.CacheData   : [fixed-121.37.242.119_8848] [add-listener] ok, tenant=, dataId=info-service, group=DEFAULT_GROUP, cnt=1
16:11:48.698-[DESKTOP-44TL0F9][sys]-- INFO 11840 --- [           main] c.a.c.n.refresh.NacosContextRefresher    : listening config: dataId=info-service, group=DEFAULT_GROUP
16:11:48.698-[DESKTOP-44TL0F9][sys]-- INFO 11840 --- [           main] c.a.n.client.config.impl.ClientWorker    : [fixed-121.37.242.119_8848] [subscribe] info-service.yaml+DEFAULT_GROUP
16:11:48.698-[DESKTOP-44TL0F9][sys]-- INFO 11840 --- [           main] c.a.nacos.client.config.impl.CacheData   : [fixed-121.37.242.119_8848] [add-listener] ok, tenant=, dataId=info-service.yaml, group=DEFAULT_GROUP, cnt=1
16:11:48.698-[DESKTOP-44TL0F9][sys]-- INFO 11840 --- [           main] c.a.c.n.refresh.NacosContextRefresher    : listening config: dataId=info-service.yaml, group=DEFAULT_GROUP
16:11:48.698-[DESKTOP-44TL0F9][sys]-- INFO 11840 --- [           main] com.hui.info.InfoApplication             : --/
---------------------------------------------------------------------------------------
	Application 'info-service' is running! Access URLs:
	Local: 		http://localhost:20002
	External: 	http://192.168.1.119:20002
	Profile(s): 	[local]
---------------------------------------------------------------------------------------
16:14:35.917-[DESKTOP-44TL0F9][sys]-- INFO 11840 --- [io-20002-exec-1] o.a.c.c.C.[Tomcat].[localhost].[/]       : Initializing Spring DispatcherServlet 'dispatcherServlet'
16:14:35.918-[DESKTOP-44TL0F9][sys]-- INFO 11840 --- [io-20002-exec-1] o.s.web.servlet.DispatcherServlet        : Initializing Servlet 'dispatcherServlet'
16:14:35.921-[DESKTOP-44TL0F9][sys]-- INFO 11840 --- [io-20002-exec-1] o.s.web.servlet.DispatcherServlet        : Completed initialization in 3 ms
16:14:36.143-[DESKTOP-44TL0F9][27efff85d2f14cf0afa325ff161066ca]-- INFO 11840 --- [io-20002-exec-4] com.hui.info.controller.InfoController   : 实验室简介接口
16:14:36.146-[DESKTOP-44TL0F9][6b82e336bcbf48a0bf0de8df95c5cc11]-- INFO 11840 --- [io-20002-exec-1] com.hui.info.controller.TeamsController  : 团队查询接口
16:14:36.207-[DESKTOP-44TL0F9][6b82e336bcbf48a0bf0de8df95c5cc11]-- WARN 11840 --- [io-20002-exec-1] c.b.m.c.t.support.ReflectLambdaMeta      : Unable to make field private final java.lang.Class java.lang.invoke.SerializedLambda.capturingClass accessible: module java.base does not "opens java.lang.invoke" to unnamed module @fd07cbb
16:14:36.216-[DESKTOP-44TL0F9][27efff85d2f14cf0afa325ff161066ca]-- INFO 11840 --- [io-20002-exec-4] com.zaxxer.hikari.HikariDataSource       : HikariPool-1 - Starting...
16:14:38.501-[DESKTOP-44TL0F9][27efff85d2f14cf0afa325ff161066ca]-- INFO 11840 --- [io-20002-exec-4] com.zaxxer.hikari.HikariDataSource       : HikariPool-1 - Start completed.
16:14:38.513-[DESKTOP-44TL0F9][6b82e336bcbf48a0bf0de8df95c5cc11]--DEBUG 11840 --- [io-20002-exec-1] c.h.info.mapper.TeamsMapper.selectList   : ==>  Preparing: SELECT id,depart,name,image,job,`desc`,`core`,info,create_time FROM teams WHERE (depart = ?) ORDER BY `core` DESC
16:14:38.544-[DESKTOP-44TL0F9][6b82e336bcbf48a0bf0de8df95c5cc11]--DEBUG 11840 --- [io-20002-exec-1] c.h.info.mapper.TeamsMapper.selectList   : ==> Parameters: 1(Integer)
16:14:38.603-[DESKTOP-44TL0F9][6b82e336bcbf48a0bf0de8df95c5cc11]--DEBUG 11840 --- [io-20002-exec-1] c.h.info.mapper.TeamsMapper.selectList   : <==      Total: 4
16:14:38.613-[DESKTOP-44TL0F9][27efff85d2f14cf0afa325ff161066ca]--DEBUG 11840 --- [io-20002-exec-4] c.hui.info.mapper.InfoMapper.selectList  : ==>  Preparing: SELECT id,title,content1,content2,image,weimg,phone,email,address,create_time FROM info
16:14:38.613-[DESKTOP-44TL0F9][27efff85d2f14cf0afa325ff161066ca]--DEBUG 11840 --- [io-20002-exec-4] c.hui.info.mapper.InfoMapper.selectList  : ==> Parameters: 
16:14:38.623-[DESKTOP-44TL0F9][27efff85d2f14cf0afa325ff161066ca]--DEBUG 11840 --- [io-20002-exec-4] c.hui.info.mapper.InfoMapper.selectList  : <==      Total: 1
16:14:38.625-[DESKTOP-44TL0F9][27efff85d2f14cf0afa325ff161066ca]-- INFO 11840 --- [io-20002-exec-4] c.hui.info.service.impl.InfoServiceImpl  : 实验室介绍信息：[Info(id=3, title=未来媒体实验室, content1=未来媒体实验室致力于探索人工智能与传媒技术相融合的创新研究，旨在推动媒体行业的整体转型。实验室聚焦于人工智能与新媒体的未来，建立世界领先的人工智能及媒体技术研究与合作平台。通过与华为、百度、微软等企业的合作，实验室将共同致力于人工智能与传媒技术的研究，探索AI+移动媒体的未来，促进媒体行业的整体转型。, content2=实验室的研究内容涵盖了人工智能、大数据、虚拟现实等技术对媒体行业的影响与变革，旨在通过技术研发推动媒体行业的创新发展。实验室还将面向国内媒体及中小型企业提供定制化咨询，成员机构相互合作进行课题和技术研发，共享成果，为政府机构、大型企业提供长期咨询和技术研发服务。, image=https://wlmtsys.com:9000/wlmtsys/2024/09/20/5cdd1eb8fd354e719642f377b60d2996.jpg, weimg=https://wlmtsys.com:9000/wlmtsys/2024/09/20/90e57bc9b0bc485ebfb09ebf3446f399.jpg, phone=13719814204, email=wlmtsys@163.com, address=广东省广州市白云区江高镇学苑路1号, createTime=2024-09-20T22:55:05)]
16:14:39.724-[DESKTOP-44TL0F9][e5977482180d4552b0248d235ffe3179]-- INFO 11840 --- [io-20002-exec-7] com.hui.info.controller.InfoController   : 实验室简介接口
16:14:39.734-[DESKTOP-44TL0F9][e5977482180d4552b0248d235ffe3179]--DEBUG 11840 --- [io-20002-exec-7] c.hui.info.mapper.InfoMapper.selectList  : ==>  Preparing: SELECT id,title,content1,content2,image,weimg,phone,email,address,create_time FROM info
16:14:39.734-[DESKTOP-44TL0F9][e5977482180d4552b0248d235ffe3179]--DEBUG 11840 --- [io-20002-exec-7] c.hui.info.mapper.InfoMapper.selectList  : ==> Parameters: 
16:14:39.744-[DESKTOP-44TL0F9][e5977482180d4552b0248d235ffe3179]--DEBUG 11840 --- [io-20002-exec-7] c.hui.info.mapper.InfoMapper.selectList  : <==      Total: 1
16:14:39.745-[DESKTOP-44TL0F9][e5977482180d4552b0248d235ffe3179]-- INFO 11840 --- [io-20002-exec-7] c.hui.info.service.impl.InfoServiceImpl  : 实验室介绍信息：[Info(id=3, title=未来媒体实验室, content1=未来媒体实验室致力于探索人工智能与传媒技术相融合的创新研究，旨在推动媒体行业的整体转型。实验室聚焦于人工智能与新媒体的未来，建立世界领先的人工智能及媒体技术研究与合作平台。通过与华为、百度、微软等企业的合作，实验室将共同致力于人工智能与传媒技术的研究，探索AI+移动媒体的未来，促进媒体行业的整体转型。, content2=实验室的研究内容涵盖了人工智能、大数据、虚拟现实等技术对媒体行业的影响与变革，旨在通过技术研发推动媒体行业的创新发展。实验室还将面向国内媒体及中小型企业提供定制化咨询，成员机构相互合作进行课题和技术研发，共享成果，为政府机构、大型企业提供长期咨询和技术研发服务。, image=https://wlmtsys.com:9000/wlmtsys/2024/09/20/5cdd1eb8fd354e719642f377b60d2996.jpg, weimg=https://wlmtsys.com:9000/wlmtsys/2024/09/20/90e57bc9b0bc485ebfb09ebf3446f399.jpg, phone=13719814204, email=wlmtsys@163.com, address=广东省广州市白云区江高镇学苑路1号, createTime=2024-09-20T22:55:05)]
16:14:39.758-[DESKTOP-44TL0F9][39b548e894ac42a18e2555e1430dbfe4]-- INFO 11840 --- [io-20002-exec-2] com.hui.info.controller.InfoController   : 实验室简介接口
16:14:39.761-[DESKTOP-44TL0F9][39b548e894ac42a18e2555e1430dbfe4]--DEBUG 11840 --- [io-20002-exec-2] c.hui.info.mapper.InfoMapper.selectList  : ==>  Preparing: SELECT id,title,content1,content2,image,weimg,phone,email,address,create_time FROM info
16:14:39.762-[DESKTOP-44TL0F9][39b548e894ac42a18e2555e1430dbfe4]--DEBUG 11840 --- [io-20002-exec-2] c.hui.info.mapper.InfoMapper.selectList  : ==> Parameters: 
16:14:39.774-[DESKTOP-44TL0F9][39b548e894ac42a18e2555e1430dbfe4]--DEBUG 11840 --- [io-20002-exec-2] c.hui.info.mapper.InfoMapper.selectList  : <==      Total: 1
16:14:39.774-[DESKTOP-44TL0F9][39b548e894ac42a18e2555e1430dbfe4]-- INFO 11840 --- [io-20002-exec-2] c.hui.info.service.impl.InfoServiceImpl  : 实验室介绍信息：[Info(id=3, title=未来媒体实验室, content1=未来媒体实验室致力于探索人工智能与传媒技术相融合的创新研究，旨在推动媒体行业的整体转型。实验室聚焦于人工智能与新媒体的未来，建立世界领先的人工智能及媒体技术研究与合作平台。通过与华为、百度、微软等企业的合作，实验室将共同致力于人工智能与传媒技术的研究，探索AI+移动媒体的未来，促进媒体行业的整体转型。, content2=实验室的研究内容涵盖了人工智能、大数据、虚拟现实等技术对媒体行业的影响与变革，旨在通过技术研发推动媒体行业的创新发展。实验室还将面向国内媒体及中小型企业提供定制化咨询，成员机构相互合作进行课题和技术研发，共享成果，为政府机构、大型企业提供长期咨询和技术研发服务。, image=https://wlmtsys.com:9000/wlmtsys/2024/09/20/5cdd1eb8fd354e719642f377b60d2996.jpg, weimg=https://wlmtsys.com:9000/wlmtsys/2024/09/20/90e57bc9b0bc485ebfb09ebf3446f399.jpg, phone=13719814204, email=wlmtsys@163.com, address=广东省广州市白云区江高镇学苑路1号, createTime=2024-09-20T22:55:05)]
16:15:13.713-[DESKTOP-44TL0F9][a0472b54a6df4973883933e341b5bc33]-- INFO 11840 --- [io-20002-exec-5] c.hui.info.controller.EmployController   : 招聘查询接口
16:15:13.740-[DESKTOP-44TL0F9][2260808627754e279b6f76651b037800]-- INFO 11840 --- [io-20002-exec-6] com.hui.info.controller.InfoController   : 实验室简介接口
16:15:13.748-[DESKTOP-44TL0F9][a0472b54a6df4973883933e341b5bc33]--DEBUG 11840 --- [io-20002-exec-5] c.h.info.mapper.EmployMapper.selectList  : ==>  Preparing: SELECT id,title,work,requirement,label,create_time,description,status FROM employ WHERE (label = ?) ORDER BY create_time DESC
16:15:13.749-[DESKTOP-44TL0F9][a0472b54a6df4973883933e341b5bc33]--DEBUG 11840 --- [io-20002-exec-5] c.h.info.mapper.EmployMapper.selectList  : ==> Parameters: 1(Integer)
16:15:13.751-[DESKTOP-44TL0F9][2260808627754e279b6f76651b037800]--DEBUG 11840 --- [io-20002-exec-6] c.hui.info.mapper.InfoMapper.selectList  : ==>  Preparing: SELECT id,title,content1,content2,image,weimg,phone,email,address,create_time FROM info
16:15:13.751-[DESKTOP-44TL0F9][2260808627754e279b6f76651b037800]--DEBUG 11840 --- [io-20002-exec-6] c.hui.info.mapper.InfoMapper.selectList  : ==> Parameters: 
16:15:13.762-[DESKTOP-44TL0F9][2260808627754e279b6f76651b037800]--DEBUG 11840 --- [io-20002-exec-6] c.hui.info.mapper.InfoMapper.selectList  : <==      Total: 1
16:15:13.762-[DESKTOP-44TL0F9][2260808627754e279b6f76651b037800]-- INFO 11840 --- [io-20002-exec-6] c.hui.info.service.impl.InfoServiceImpl  : 实验室介绍信息：[Info(id=3, title=未来媒体实验室, content1=未来媒体实验室致力于探索人工智能与传媒技术相融合的创新研究，旨在推动媒体行业的整体转型。实验室聚焦于人工智能与新媒体的未来，建立世界领先的人工智能及媒体技术研究与合作平台。通过与华为、百度、微软等企业的合作，实验室将共同致力于人工智能与传媒技术的研究，探索AI+移动媒体的未来，促进媒体行业的整体转型。, content2=实验室的研究内容涵盖了人工智能、大数据、虚拟现实等技术对媒体行业的影响与变革，旨在通过技术研发推动媒体行业的创新发展。实验室还将面向国内媒体及中小型企业提供定制化咨询，成员机构相互合作进行课题和技术研发，共享成果，为政府机构、大型企业提供长期咨询和技术研发服务。, image=https://wlmtsys.com:9000/wlmtsys/2024/09/20/5cdd1eb8fd354e719642f377b60d2996.jpg, weimg=https://wlmtsys.com:9000/wlmtsys/2024/09/20/90e57bc9b0bc485ebfb09ebf3446f399.jpg, phone=13719814204, email=wlmtsys@163.com, address=广东省广州市白云区江高镇学苑路1号, createTime=2024-09-20T22:55:05)]
16:15:13.767-[DESKTOP-44TL0F9][a0472b54a6df4973883933e341b5bc33]--DEBUG 11840 --- [io-20002-exec-5] c.h.info.mapper.EmployMapper.selectList  : <==      Total: 10
16:15:16.989-[DESKTOP-44TL0F9][dc5f3d492eae46dbb948727fb4c2ff1e]-- INFO 11840 --- [io-20002-exec-3] com.hui.info.controller.InfoController   : 实验室简介接口
16:15:17.000-[DESKTOP-44TL0F9][dc5f3d492eae46dbb948727fb4c2ff1e]--DEBUG 11840 --- [io-20002-exec-3] c.hui.info.mapper.InfoMapper.selectList  : ==>  Preparing: SELECT id,title,content1,content2,image,weimg,phone,email,address,create_time FROM info
16:15:17.000-[DESKTOP-44TL0F9][dc5f3d492eae46dbb948727fb4c2ff1e]--DEBUG 11840 --- [io-20002-exec-3] c.hui.info.mapper.InfoMapper.selectList  : ==> Parameters: 
16:15:17.008-[DESKTOP-44TL0F9][dc5f3d492eae46dbb948727fb4c2ff1e]--DEBUG 11840 --- [io-20002-exec-3] c.hui.info.mapper.InfoMapper.selectList  : <==      Total: 1
16:15:17.009-[DESKTOP-44TL0F9][dc5f3d492eae46dbb948727fb4c2ff1e]-- INFO 11840 --- [io-20002-exec-3] c.hui.info.service.impl.InfoServiceImpl  : 实验室介绍信息：[Info(id=3, title=未来媒体实验室, content1=未来媒体实验室致力于探索人工智能与传媒技术相融合的创新研究，旨在推动媒体行业的整体转型。实验室聚焦于人工智能与新媒体的未来，建立世界领先的人工智能及媒体技术研究与合作平台。通过与华为、百度、微软等企业的合作，实验室将共同致力于人工智能与传媒技术的研究，探索AI+移动媒体的未来，促进媒体行业的整体转型。, content2=实验室的研究内容涵盖了人工智能、大数据、虚拟现实等技术对媒体行业的影响与变革，旨在通过技术研发推动媒体行业的创新发展。实验室还将面向国内媒体及中小型企业提供定制化咨询，成员机构相互合作进行课题和技术研发，共享成果，为政府机构、大型企业提供长期咨询和技术研发服务。, image=https://wlmtsys.com:9000/wlmtsys/2024/09/20/5cdd1eb8fd354e719642f377b60d2996.jpg, weimg=https://wlmtsys.com:9000/wlmtsys/2024/09/20/90e57bc9b0bc485ebfb09ebf3446f399.jpg, phone=13719814204, email=wlmtsys@163.com, address=广东省广州市白云区江高镇学苑路1号, createTime=2024-09-20T22:55:05)]
16:15:17.020-[DESKTOP-44TL0F9][8bf7091a9e144d5593e6f17bd3bcd6dc]-- INFO 11840 --- [io-20002-exec-8] com.hui.info.controller.InfoController   : 实验室简介接口
16:15:17.021-[DESKTOP-44TL0F9][8bf7091a9e144d5593e6f17bd3bcd6dc]--DEBUG 11840 --- [io-20002-exec-8] c.hui.info.mapper.InfoMapper.selectList  : ==>  Preparing: SELECT id,title,content1,content2,image,weimg,phone,email,address,create_time FROM info
16:15:17.021-[DESKTOP-44TL0F9][8bf7091a9e144d5593e6f17bd3bcd6dc]--DEBUG 11840 --- [io-20002-exec-8] c.hui.info.mapper.InfoMapper.selectList  : ==> Parameters: 
16:15:17.033-[DESKTOP-44TL0F9][8bf7091a9e144d5593e6f17bd3bcd6dc]--DEBUG 11840 --- [io-20002-exec-8] c.hui.info.mapper.InfoMapper.selectList  : <==      Total: 1
16:15:17.034-[DESKTOP-44TL0F9][8bf7091a9e144d5593e6f17bd3bcd6dc]-- INFO 11840 --- [io-20002-exec-8] c.hui.info.service.impl.InfoServiceImpl  : 实验室介绍信息：[Info(id=3, title=未来媒体实验室, content1=未来媒体实验室致力于探索人工智能与传媒技术相融合的创新研究，旨在推动媒体行业的整体转型。实验室聚焦于人工智能与新媒体的未来，建立世界领先的人工智能及媒体技术研究与合作平台。通过与华为、百度、微软等企业的合作，实验室将共同致力于人工智能与传媒技术的研究，探索AI+移动媒体的未来，促进媒体行业的整体转型。, content2=实验室的研究内容涵盖了人工智能、大数据、虚拟现实等技术对媒体行业的影响与变革，旨在通过技术研发推动媒体行业的创新发展。实验室还将面向国内媒体及中小型企业提供定制化咨询，成员机构相互合作进行课题和技术研发，共享成果，为政府机构、大型企业提供长期咨询和技术研发服务。, image=https://wlmtsys.com:9000/wlmtsys/2024/09/20/5cdd1eb8fd354e719642f377b60d2996.jpg, weimg=https://wlmtsys.com:9000/wlmtsys/2024/09/20/90e57bc9b0bc485ebfb09ebf3446f399.jpg, phone=13719814204, email=wlmtsys@163.com, address=广东省广州市白云区江高镇学苑路1号, createTime=2024-09-20T22:55:05)]
16:15:21.337-[DESKTOP-44TL0F9][4aeadf43616541f2bd3bda50870e35fd]-- INFO 11840 --- [io-20002-exec-9] com.hui.info.controller.InfoController   : 实验室简介接口
16:15:21.343-[DESKTOP-44TL0F9][21222896af274fb49628a2e9c077bd7f]-- INFO 11840 --- [o-20002-exec-10] com.hui.info.controller.NewsController   : 新闻查询接口
16:15:21.348-[DESKTOP-44TL0F9][4aeadf43616541f2bd3bda50870e35fd]--DEBUG 11840 --- [io-20002-exec-9] c.hui.info.mapper.InfoMapper.selectList  : ==>  Preparing: SELECT id,title,content1,content2,image,weimg,phone,email,address,create_time FROM info
16:15:21.348-[DESKTOP-44TL0F9][4aeadf43616541f2bd3bda50870e35fd]--DEBUG 11840 --- [io-20002-exec-9] c.hui.info.mapper.InfoMapper.selectList  : ==> Parameters: 
16:15:21.359-[DESKTOP-44TL0F9][4aeadf43616541f2bd3bda50870e35fd]--DEBUG 11840 --- [io-20002-exec-9] c.hui.info.mapper.InfoMapper.selectList  : <==      Total: 1
16:15:21.359-[DESKTOP-44TL0F9][21222896af274fb49628a2e9c077bd7f]--DEBUG 11840 --- [o-20002-exec-10] c.hui.info.mapper.NewsMapper.selectList  : ==>  Preparing: SELECT id,title,date,author,content,image,url,label FROM news WHERE (label = ?) ORDER BY date DESC
16:15:21.359-[DESKTOP-44TL0F9][4aeadf43616541f2bd3bda50870e35fd]-- INFO 11840 --- [io-20002-exec-9] c.hui.info.service.impl.InfoServiceImpl  : 实验室介绍信息：[Info(id=3, title=未来媒体实验室, content1=未来媒体实验室致力于探索人工智能与传媒技术相融合的创新研究，旨在推动媒体行业的整体转型。实验室聚焦于人工智能与新媒体的未来，建立世界领先的人工智能及媒体技术研究与合作平台。通过与华为、百度、微软等企业的合作，实验室将共同致力于人工智能与传媒技术的研究，探索AI+移动媒体的未来，促进媒体行业的整体转型。, content2=实验室的研究内容涵盖了人工智能、大数据、虚拟现实等技术对媒体行业的影响与变革，旨在通过技术研发推动媒体行业的创新发展。实验室还将面向国内媒体及中小型企业提供定制化咨询，成员机构相互合作进行课题和技术研发，共享成果，为政府机构、大型企业提供长期咨询和技术研发服务。, image=https://wlmtsys.com:9000/wlmtsys/2024/09/20/5cdd1eb8fd354e719642f377b60d2996.jpg, weimg=https://wlmtsys.com:9000/wlmtsys/2024/09/20/90e57bc9b0bc485ebfb09ebf3446f399.jpg, phone=13719814204, email=wlmtsys@163.com, address=广东省广州市白云区江高镇学苑路1号, createTime=2024-09-20T22:55:05)]
16:15:21.359-[DESKTOP-44TL0F9][21222896af274fb49628a2e9c077bd7f]--DEBUG 11840 --- [o-20002-exec-10] c.hui.info.mapper.NewsMapper.selectList  : ==> Parameters: 0(Integer)
16:15:21.374-[DESKTOP-44TL0F9][21222896af274fb49628a2e9c077bd7f]--DEBUG 11840 --- [o-20002-exec-10] c.hui.info.mapper.NewsMapper.selectList  : <==      Total: 6
16:33:49.009-[DESKTOP-44TL0F9][sys]-- WARN 11840 --- [      Thread-13] c.a.nacos.common.notify.NotifyCenter     : [NotifyCenter] Start destroying Publisher
16:33:49.009-[DESKTOP-44TL0F9][sys]-- WARN 11840 --- [       Thread-1] c.a.n.common.http.HttpClientBeanHolder   : [HttpClientBeanHolder] Start destroying common HttpClient
16:33:49.010-[DESKTOP-44TL0F9][sys]-- WARN 11840 --- [      Thread-13] c.a.nacos.common.notify.NotifyCenter     : [NotifyCenter] Destruction of the end
16:33:49.013-[DESKTOP-44TL0F9][sys]-- WARN 11840 --- [       Thread-1] c.a.n.common.http.HttpClientBeanHolder   : [HttpClientBeanHolder] Destruction of the end
16:33:49.178-[DESKTOP-44TL0F9][sys]-- INFO 11840 --- [ionShutdownHook] c.a.c.n.registry.NacosServiceRegistry    : De-registering from Nacos Server now...
16:33:49.178-[DESKTOP-44TL0F9][sys]-- INFO 11840 --- [ionShutdownHook] com.alibaba.nacos.client.naming          : [BEAT] removing beat: DEFAULT_GROUP@@info-service:localhost:20002 from beat map.
16:33:49.179-[DESKTOP-44TL0F9][sys]-- INFO 11840 --- [ionShutdownHook] com.alibaba.nacos.client.naming          : [DEREGISTER-SERVICE] 6e47eddb-e8aa-4265-b62e-e5e5f1bdf625 deregistering service DEFAULT_GROUP@@info-service with instance: Instance{instanceId='null', ip='localhost', port=20002, weight=1.0, healthy=true, enabled=true, ephemeral=true, clusterName='DEFAULT', serviceName='null', metadata={}}
16:33:49.189-[DESKTOP-44TL0F9][sys]-- INFO 11840 --- [ionShutdownHook] c.a.c.n.registry.NacosServiceRegistry    : De-registration finished.
16:33:49.189-[DESKTOP-44TL0F9][sys]-- INFO 11840 --- [ionShutdownHook] com.alibaba.nacos.client.naming          : com.alibaba.nacos.client.naming.beat.BeatReactor do shutdown begin
